<?xml version="1.0" encoding="UTF-8"?>
<testng-results ignored="0" total="1" passed="1" failed="0" skipped="0">
  <reporter-output>
  </reporter-output>
  <suite started-at="2022-10-18T16:11:07 IST" name="Default suite" finished-at="2022-10-18T16:12:15 IST" duration-ms="67623">
    <groups>
    </groups>
    <test started-at="2022-10-18T16:11:07 IST" name="Default test" finished-at="2022-10-18T16:12:15 IST" duration-ms="67623">
      <class name="php.crm.Vtiger.Project1.campaignTest.CreateCampaignTest">
        <test-method is-config="true" signature="bsconfig()[pri:0, instance:php.crm.Vtiger.Project1.campaignTest.CreateCampaignTest@6e0f5f7f]" started-at="2022-10-18T16:11:07 IST" name="bsconfig" finished-at="2022-10-18T16:11:07 IST" duration-ms="17" status="PASS">
          <reporter-output>
          </reporter-output>
        </test-method> <!-- bsconfig -->
        <test-method is-config="true" signature="bcConfig()[pri:0, instance:php.crm.Vtiger.Project1.campaignTest.CreateCampaignTest@6e0f5f7f]" started-at="2022-10-18T16:11:07 IST" name="bcConfig" finished-at="2022-10-18T16:11:46 IST" duration-ms="39196" status="PASS">
          <reporter-output>
          </reporter-output>
        </test-method> <!-- bcConfig -->
        <test-method is-config="true" signature="bmconfig()[pri:0, instance:php.crm.Vtiger.Project1.campaignTest.CreateCampaignTest@6e0f5f7f]" started-at="2022-10-18T16:11:46 IST" name="bmconfig" finished-at="2022-10-18T16:11:57 IST" duration-ms="10892" status="PASS">
          <reporter-output>
          </reporter-output>
        </test-method> <!-- bmconfig -->
        <test-method signature="createCampaignAndVerifyCampaignNameTest()[pri:0, instance:php.crm.Vtiger.Project1.campaignTest.CreateCampaignTest@6e0f5f7f]" started-at="2022-10-18T16:11:57 IST" name="createCampaignAndVerifyCampaignNameTest" finished-at="2022-10-18T16:12:11 IST" duration-ms="14392" status="PASS">
          <reporter-output>
          </reporter-output>
        </test-method> <!-- createCampaignAndVerifyCampaignNameTest -->
        <test-method is-config="true" signature="amConfig()[pri:0, instance:php.crm.Vtiger.Project1.campaignTest.CreateCampaignTest@6e0f5f7f]" started-at="2022-10-18T16:12:11 IST" name="amConfig" finished-at="2022-10-18T16:12:13 IST" duration-ms="1800" status="PASS">
          <reporter-output>
          </reporter-output>
        </test-method> <!-- amConfig -->
        <test-method is-config="true" signature="acConfig()[pri:0, instance:php.crm.Vtiger.Project1.campaignTest.CreateCampaignTest@6e0f5f7f]" started-at="2022-10-18T16:12:13 IST" name="acConfig" finished-at="2022-10-18T16:12:15 IST" duration-ms="1268" status="PASS">
          <reporter-output>
          </reporter-output>
        </test-method> <!-- acConfig -->
        <test-method is-config="true" signature="asConfig()[pri:0, instance:php.crm.Vtiger.Project1.campaignTest.CreateCampaignTest@6e0f5f7f]" started-at="2022-10-18T16:12:15 IST" name="asConfig" finished-at="2022-10-18T16:12:15 IST" duration-ms="1" status="PASS">
          <reporter-output>
          </reporter-output>
        </test-method> <!-- asConfig -->
      </class> <!-- php.crm.Vtiger.Project1.campaignTest.CreateCampaignTest -->
    </test> <!-- Default test -->
  </suite> <!-- Default suite -->
</testng-results>
