<?xml version="1.0" encoding="UTF-8"?>
<testng-results ignored="0" total="1" passed="1" failed="0" skipped="0">
  <reporter-output>
  </reporter-output>
  <suite started-at="2022-10-20T15:10:01 IST" name="Default suite" finished-at="2022-10-20T15:11:17 IST" duration-ms="76188">
    <groups>
    </groups>
    <test started-at="2022-10-20T15:10:01 IST" name="Default test" finished-at="2022-10-20T15:11:17 IST" duration-ms="76188">
      <class name="php.crm.Vtiger.Project1.campaignTest.CreateCampaignTest">
        <test-method is-config="true" signature="bsconfig()[pri:0, instance:php.crm.Vtiger.Project1.campaignTest.CreateCampaignTest@6e0f5f7f]" started-at="2022-10-20T15:10:01 IST" name="bsconfig" finished-at="2022-10-20T15:10:01 IST" duration-ms="15" status="PASS">
          <reporter-output>
          </reporter-output>
        </test-method> <!-- bsconfig -->
        <test-method is-config="true" signature="bcConfig()[pri:0, instance:php.crm.Vtiger.Project1.campaignTest.CreateCampaignTest@6e0f5f7f]" started-at="2022-10-20T15:10:01 IST" name="bcConfig" finished-at="2022-10-20T15:10:35 IST" duration-ms="34890" status="PASS">
          <reporter-output>
          </reporter-output>
        </test-method> <!-- bcConfig -->
        <test-method is-config="true" signature="bmconfig()[pri:0, instance:php.crm.Vtiger.Project1.campaignTest.CreateCampaignTest@6e0f5f7f]" started-at="2022-10-20T15:10:36 IST" name="bmconfig" finished-at="2022-10-20T15:10:53 IST" duration-ms="17826" status="PASS">
          <reporter-output>
          </reporter-output>
        </test-method> <!-- bmconfig -->
        <test-method signature="createCampaignAndVerifyCampaignNameTest()[pri:0, instance:php.crm.Vtiger.Project1.campaignTest.CreateCampaignTest@6e0f5f7f]" started-at="2022-10-20T15:10:53 IST" name="createCampaignAndVerifyCampaignNameTest" finished-at="2022-10-20T15:11:12 IST" duration-ms="18891" status="PASS">
          <reporter-output>
          </reporter-output>
        </test-method> <!-- createCampaignAndVerifyCampaignNameTest -->
        <test-method is-config="true" signature="amConfig()[pri:0, instance:php.crm.Vtiger.Project1.campaignTest.CreateCampaignTest@6e0f5f7f]" started-at="2022-10-20T15:11:12 IST" name="amConfig" finished-at="2022-10-20T15:11:16 IST" duration-ms="3477" status="PASS">
          <reporter-output>
          </reporter-output>
        </test-method> <!-- amConfig -->
        <test-method is-config="true" signature="acConfig()[pri:0, instance:php.crm.Vtiger.Project1.campaignTest.CreateCampaignTest@6e0f5f7f]" started-at="2022-10-20T15:11:16 IST" name="acConfig" finished-at="2022-10-20T15:11:17 IST" duration-ms="1020" status="PASS">
          <reporter-output>
          </reporter-output>
        </test-method> <!-- acConfig -->
        <test-method is-config="true" signature="asConfig()[pri:0, instance:php.crm.Vtiger.Project1.campaignTest.CreateCampaignTest@6e0f5f7f]" started-at="2022-10-20T15:11:17 IST" name="asConfig" finished-at="2022-10-20T15:11:17 IST" duration-ms="1" status="PASS">
          <reporter-output>
          </reporter-output>
        </test-method> <!-- asConfig -->
      </class> <!-- php.crm.Vtiger.Project1.campaignTest.CreateCampaignTest -->
    </test> <!-- Default test -->
  </suite> <!-- Default suite -->
</testng-results>
